2012/11/19 22:12:28 [error] [exception.CHttpException.404] exception 'CHttpException' with message 'The requested view "learning" was not found.' in /var/www/sites/yii/framework/web/actions/CViewAction.php:113
Stack trace:
#0 /var/www/sites/yii/framework/web/actions/CViewAction.php(124): CViewAction->resolveView('learning')
#1 /var/www/sites/yii/framework/web/actions/CAction.php(75): CViewAction->run()
#2 /var/www/sites/yii/framework/web/CController.php(309): CAction->runWithParams(Array)
#3 /var/www/sites/yii/framework/web/CController.php(287): CController->runAction(Object(CViewAction))
#4 /var/www/sites/yii/framework/web/CController.php(266): CController->runActionWithFilters(Object(CViewAction), Array)
#5 /var/www/sites/yii/framework/web/CWebApplication.php(283): CController->run('page')
#6 /var/www/sites/yii/framework/web/CWebApplication.php(142): CWebApplication->runController('site/page')
#7 /var/www/sites/yii/framework/base/CApplication.php(162): CWebApplication->processRequest()
#8 /var/www/sites/trabajorecepcionista2.com/index.php(13): CApplication->run()
#9 {main}
REQUEST_URI=/index.php?r=site/page&view=learning
HTTP_REFERER=http://www.trabajo.com/
---
2012/11/19 22:14:41 [error] [exception.CHttpException.404] exception 'CHttpException' with message 'The system is unable to find the requested action "themes".' in /var/www/sites/yii/framework/web/CController.php:484
Stack trace:
#0 /var/www/sites/yii/framework/web/CController.php(271): CController->missingAction('themes')
#1 /var/www/sites/yii/framework/web/CWebApplication.php(283): CController->run('themes')
#2 /var/www/sites/yii/framework/web/CWebApplication.php(142): CWebApplication->runController('site/themes/sun...')
#3 /var/www/sites/yii/framework/base/CApplication.php(162): CWebApplication->processRequest()
#4 /var/www/sites/trabajorecepcionista2.com/index.php(13): CApplication->run()
#5 {main}
REQUEST_URI=/site/themes/sunrise/favicon.ico
---
2012/11/19 22:17:11 [error] [exception.CHttpException.404] exception 'CHttpException' with message 'Unable to resolve the request "sgii".' in /var/www/sites/yii/framework/web/CWebApplication.php:287
Stack trace:
#0 /var/www/sites/yii/framework/web/CWebApplication.php(142): CWebApplication->runController('sgii')
#1 /var/www/sites/yii/framework/base/CApplication.php(162): CWebApplication->processRequest()
#2 /var/www/sites/trabajorecepcionista2.com/index.php(13): CApplication->run()
#3 {main}
REQUEST_URI=/sgii
---
2012/11/19 22:30:33 [error] [exception.CHttpException.404] exception 'CHttpException' with message 'The system is unable to find the requested action "AD".' in /var/www/sites/yii/framework/web/CController.php:484
Stack trace:
#0 /var/www/sites/yii/framework/web/CController.php(271): CController->missingAction('AD')
#1 /var/www/sites/yii/framework/web/CWebApplication.php(283): CController->run('AD')
#2 /var/www/sites/yii/framework/web/CWebApplication.php(142): CWebApplication->runController('countries/AD')
#3 /var/www/sites/yii/framework/base/CApplication.php(162): CWebApplication->processRequest()
#4 /var/www/sites/trabajorecepcionista2.com/index.php(13): CApplication->run()
#5 {main}
REQUEST_URI=/countries/AD
HTTP_REFERER=http://www.trabajo.com/countries
---
2012/11/19 22:30:33 [error] [exception.CHttpException.404] exception 'CHttpException' with message 'The system is unable to find the requested action "themes".' in /var/www/sites/yii/framework/web/CController.php:484
Stack trace:
#0 /var/www/sites/yii/framework/web/CController.php(271): CController->missingAction('themes')
#1 /var/www/sites/yii/framework/web/CWebApplication.php(283): CController->run('themes')
#2 /var/www/sites/yii/framework/web/CWebApplication.php(142): CWebApplication->runController('countries/theme...')
#3 /var/www/sites/yii/framework/base/CApplication.php(162): CWebApplication->processRequest()
#4 /var/www/sites/trabajorecepcionista2.com/index.php(13): CApplication->run()
#5 {main}
REQUEST_URI=/countries/themes/sunrise/favicon.ico
---
2012/11/19 22:30:58 [error] [exception.CHttpException.404] exception 'CHttpException' with message 'The requested page does not exist.' in /var/www/sites/trabajorecepcionista2.com/protected/controllers/CountriesController.php:53
Stack trace:
#0 /var/www/sites/trabajorecepcionista2.com/protected/controllers/CountriesController.php(29): CountriesController->loadModel('1')
#1 [internal function]: CountriesController->actionView('1')
#2 /var/www/sites/yii/framework/web/actions/CAction.php(107): ReflectionMethod->invokeArgs(Object(CountriesController), Array)
#3 /var/www/sites/yii/framework/web/actions/CInlineAction.php(48): CAction->runWithParamsInternal(Object(CountriesController), Object(ReflectionMethod), Array)
#4 /var/www/sites/yii/framework/web/CController.php(309): CInlineAction->runWithParams(Array)
#5 /var/www/sites/yii/framework/web/filters/CFilterChain.php(134): CController->runAction(Object(CInlineAction))
#6 /var/www/sites/yii/framework/web/filters/CFilter.php(41): CFilterChain->run()
#7 /var/www/sites/yii/framework/web/CController.php(1146): CFilter->filter(Object(CFilterChain))
#8 /var/www/sites/yii/framework/web/filters/CInlineFilter.php(59): CController->filterAccessControl(Object(CFilterChain))
#9 /var/www/sites/yii/framework/web/filters/CFilterChain.php(131): CInlineFilter->filter(Object(CFilterChain))
#10 /var/www/sites/yii/framework/web/CController.php(292): CFilterChain->run()
#11 /var/www/sites/yii/framework/web/CController.php(266): CController->runActionWithFilters(Object(CInlineAction), Array)
#12 /var/www/sites/yii/framework/web/CWebApplication.php(283): CController->run('view')
#13 /var/www/sites/yii/framework/web/CWebApplication.php(142): CWebApplication->runController('countries/view')
#14 /var/www/sites/yii/framework/base/CApplication.php(162): CWebApplication->processRequest()
#15 /var/www/sites/trabajorecepcionista2.com/index.php(13): CApplication->run()
#16 {main}
REQUEST_URI=/countries/1
---
2012/11/19 22:31:06 [error] [exception.CHttpException.404] exception 'CHttpException' with message 'The requested page does not exist.' in /var/www/sites/trabajorecepcionista2.com/protected/controllers/CountriesController.php:53
Stack trace:
#0 /var/www/sites/trabajorecepcionista2.com/protected/controllers/CountriesController.php(29): CountriesController->loadModel('1')
#1 [internal function]: CountriesController->actionView('1')
#2 /var/www/sites/yii/framework/web/actions/CAction.php(107): ReflectionMethod->invokeArgs(Object(CountriesController), Array)
#3 /var/www/sites/yii/framework/web/actions/CInlineAction.php(48): CAction->runWithParamsInternal(Object(CountriesController), Object(ReflectionMethod), Array)
#4 /var/www/sites/yii/framework/web/CController.php(309): CInlineAction->runWithParams(Array)
#5 /var/www/sites/yii/framework/web/filters/CFilterChain.php(134): CController->runAction(Object(CInlineAction))
#6 /var/www/sites/yii/framework/web/filters/CFilter.php(41): CFilterChain->run()
#7 /var/www/sites/yii/framework/web/CController.php(1146): CFilter->filter(Object(CFilterChain))
#8 /var/www/sites/yii/framework/web/filters/CInlineFilter.php(59): CController->filterAccessControl(Object(CFilterChain))
#9 /var/www/sites/yii/framework/web/filters/CFilterChain.php(131): CInlineFilter->filter(Object(CFilterChain))
#10 /var/www/sites/yii/framework/web/CController.php(292): CFilterChain->run()
#11 /var/www/sites/yii/framework/web/CController.php(266): CController->runActionWithFilters(Object(CInlineAction), Array)
#12 /var/www/sites/yii/framework/web/CWebApplication.php(283): CController->run('view')
#13 /var/www/sites/yii/framework/web/CWebApplication.php(142): CWebApplication->runController('countries/view')
#14 /var/www/sites/yii/framework/base/CApplication.php(162): CWebApplication->processRequest()
#15 /var/www/sites/trabajorecepcionista2.com/index.php(13): CApplication->run()
#16 {main}
REQUEST_URI=/countries/view/1
---
2012/11/19 22:31:06 [error] [exception.CHttpException.400] exception 'CHttpException' with message 'Your request is invalid.' in /var/www/sites/yii/framework/web/CController.php:337
Stack trace:
#0 /var/www/sites/yii/framework/web/CController.php(310): CController->invalidActionParams(Object(CInlineAction))
#1 /var/www/sites/yii/framework/web/filters/CFilterChain.php(134): CController->runAction(Object(CInlineAction))
#2 /var/www/sites/yii/framework/web/filters/CFilter.php(41): CFilterChain->run()
#3 /var/www/sites/yii/framework/web/CController.php(1146): CFilter->filter(Object(CFilterChain))
#4 /var/www/sites/yii/framework/web/filters/CInlineFilter.php(59): CController->filterAccessControl(Object(CFilterChain))
#5 /var/www/sites/yii/framework/web/filters/CFilterChain.php(131): CInlineFilter->filter(Object(CFilterChain))
#6 /var/www/sites/yii/framework/web/CController.php(292): CFilterChain->run()
#7 /var/www/sites/yii/framework/web/CController.php(266): CController->runActionWithFilters(Object(CInlineAction), Array)
#8 /var/www/sites/yii/framework/web/CWebApplication.php(283): CController->run('view')
#9 /var/www/sites/yii/framework/web/CWebApplication.php(142): CWebApplication->runController('countries/view/...')
#10 /var/www/sites/yii/framework/base/CApplication.php(162): CWebApplication->processRequest()
#11 /var/www/sites/trabajorecepcionista2.com/index.php(13): CApplication->run()
#12 {main}
REQUEST_URI=/countries/view/themes/sunrise/favicon.ico
---
2012/11/19 22:32:28 [error] [exception.CHttpException.404] exception 'CHttpException' with message 'The system is unable to find the requested action "AE".' in /var/www/sites/yii/framework/web/CController.php:484
Stack trace:
#0 /var/www/sites/yii/framework/web/CController.php(271): CController->missingAction('AE')
#1 /var/www/sites/yii/framework/web/CWebApplication.php(283): CController->run('AE')
#2 /var/www/sites/yii/framework/web/CWebApplication.php(142): CWebApplication->runController('countries/AE')
#3 /var/www/sites/yii/framework/base/CApplication.php(162): CWebApplication->processRequest()
#4 /var/www/sites/trabajorecepcionista2.com/index.php(13): CApplication->run()
#5 {main}
REQUEST_URI=/countries/AE
HTTP_REFERER=http://www.trabajo.com/countries
---
2012/11/19 22:33:16 [error] [exception.CHttpException.404] exception 'CHttpException' with message 'Unable to resolve the request "css/screen.css".' in /var/www/sites/yii/framework/web/CWebApplication.php:287
Stack trace:
#0 /var/www/sites/yii/framework/web/CWebApplication.php(142): CWebApplication->runController('css/screen.css')
#1 /var/www/sites/yii/framework/base/CApplication.php(162): CWebApplication->processRequest()
#2 /var/www/sites/trabajorecepcionista2.com/index.php(13): CApplication->run()
#3 {main}
REQUEST_URI=/css/screen.css
HTTP_REFERER=http://www.trabajo.com/countries
---
2012/11/19 22:33:16 [error] [exception.CHttpException.404] exception 'CHttpException' with message 'Unable to resolve the request "css/main.css".' in /var/www/sites/yii/framework/web/CWebApplication.php:287
Stack trace:
#0 /var/www/sites/yii/framework/web/CWebApplication.php(142): CWebApplication->runController('css/main.css')
#1 /var/www/sites/yii/framework/base/CApplication.php(162): CWebApplication->processRequest()
#2 /var/www/sites/trabajorecepcionista2.com/index.php(13): CApplication->run()
#3 {main}
REQUEST_URI=/css/main.css
HTTP_REFERER=http://www.trabajo.com/countries
---
2012/11/19 22:33:16 [error] [exception.CHttpException.404] exception 'CHttpException' with message 'Unable to resolve the request "css/print.css".' in /var/www/sites/yii/framework/web/CWebApplication.php:287
Stack trace:
#0 /var/www/sites/yii/framework/web/CWebApplication.php(142): CWebApplication->runController('css/print.css')
#1 /var/www/sites/yii/framework/base/CApplication.php(162): CWebApplication->processRequest()
#2 /var/www/sites/trabajorecepcionista2.com/index.php(13): CApplication->run()
#3 {main}
REQUEST_URI=/css/print.css
HTTP_REFERER=http://www.trabajo.com/countries
---
2012/11/19 22:33:22 [error] [exception.CHttpException.404] exception 'CHttpException' with message 'The system is unable to find the requested action "AE".' in /var/www/sites/yii/framework/web/CController.php:484
Stack trace:
#0 /var/www/sites/yii/framework/web/CController.php(271): CController->missingAction('AE')
#1 /var/www/sites/yii/framework/web/CWebApplication.php(283): CController->run('AE')
#2 /var/www/sites/yii/framework/web/CWebApplication.php(142): CWebApplication->runController('countries/AE')
#3 /var/www/sites/yii/framework/base/CApplication.php(162): CWebApplication->processRequest()
#4 /var/www/sites/trabajorecepcionista2.com/index.php(13): CApplication->run()
#5 {main}
REQUEST_URI=/countries/AE
HTTP_REFERER=http://www.trabajo.com/countries
---
2012/11/19 22:33:22 [error] [exception.CHttpException.404] exception 'CHttpException' with message 'Unable to resolve the request "css/print.css".' in /var/www/sites/yii/framework/web/CWebApplication.php:287
Stack trace:
#0 /var/www/sites/yii/framework/web/CWebApplication.php(142): CWebApplication->runController('css/print.css')
#1 /var/www/sites/yii/framework/base/CApplication.php(162): CWebApplication->processRequest()
#2 /var/www/sites/trabajorecepcionista2.com/index.php(13): CApplication->run()
#3 {main}
REQUEST_URI=/css/print.css
HTTP_REFERER=http://www.trabajo.com/countries/AE
---
2012/11/19 22:33:22 [error] [exception.CHttpException.404] exception 'CHttpException' with message 'Unable to resolve the request "css/main.css".' in /var/www/sites/yii/framework/web/CWebApplication.php:287
Stack trace:
#0 /var/www/sites/yii/framework/web/CWebApplication.php(142): CWebApplication->runController('css/main.css')
#1 /var/www/sites/yii/framework/base/CApplication.php(162): CWebApplication->processRequest()
#2 /var/www/sites/trabajorecepcionista2.com/index.php(13): CApplication->run()
#3 {main}
REQUEST_URI=/css/main.css
HTTP_REFERER=http://www.trabajo.com/countries/AE
---
2012/11/19 22:33:22 [error] [exception.CHttpException.404] exception 'CHttpException' with message 'Unable to resolve the request "css/screen.css".' in /var/www/sites/yii/framework/web/CWebApplication.php:287
Stack trace:
#0 /var/www/sites/yii/framework/web/CWebApplication.php(142): CWebApplication->runController('css/screen.css')
#1 /var/www/sites/yii/framework/base/CApplication.php(162): CWebApplication->processRequest()
#2 /var/www/sites/trabajorecepcionista2.com/index.php(13): CApplication->run()
#3 {main}
REQUEST_URI=/css/screen.css
HTTP_REFERER=http://www.trabajo.com/countries/AE
---
2012/11/19 22:33:24 [error] [exception.CHttpException.404] exception 'CHttpException' with message 'Unable to resolve the request "css/print.css".' in /var/www/sites/yii/framework/web/CWebApplication.php:287
Stack trace:
#0 /var/www/sites/yii/framework/web/CWebApplication.php(142): CWebApplication->runController('css/print.css')
#1 /var/www/sites/yii/framework/base/CApplication.php(162): CWebApplication->processRequest()
#2 /var/www/sites/trabajorecepcionista2.com/index.php(13): CApplication->run()
#3 {main}
REQUEST_URI=/css/print.css
HTTP_REFERER=http://www.trabajo.com/site/page?view=about
---
2012/11/19 22:33:24 [error] [exception.CHttpException.404] exception 'CHttpException' with message 'Unable to resolve the request "css/screen.css".' in /var/www/sites/yii/framework/web/CWebApplication.php:287
Stack trace:
#0 /var/www/sites/yii/framework/web/CWebApplication.php(142): CWebApplication->runController('css/screen.css')
#1 /var/www/sites/yii/framework/base/CApplication.php(162): CWebApplication->processRequest()
#2 /var/www/sites/trabajorecepcionista2.com/index.php(13): CApplication->run()
#3 {main}
REQUEST_URI=/css/screen.css
HTTP_REFERER=http://www.trabajo.com/site/page?view=about
---
2012/11/19 22:33:24 [error] [exception.CHttpException.404] exception 'CHttpException' with message 'Unable to resolve the request "css/main.css".' in /var/www/sites/yii/framework/web/CWebApplication.php:287
Stack trace:
#0 /var/www/sites/yii/framework/web/CWebApplication.php(142): CWebApplication->runController('css/main.css')
#1 /var/www/sites/yii/framework/base/CApplication.php(162): CWebApplication->processRequest()
#2 /var/www/sites/trabajorecepcionista2.com/index.php(13): CApplication->run()
#3 {main}
REQUEST_URI=/css/main.css
HTTP_REFERER=http://www.trabajo.com/site/page?view=about
---
2012/11/19 22:33:25 [error] [exception.CHttpException.404] exception 'CHttpException' with message 'Unable to resolve the request "css/main.css".' in /var/www/sites/yii/framework/web/CWebApplication.php:287
Stack trace:
#0 /var/www/sites/yii/framework/web/CWebApplication.php(142): CWebApplication->runController('css/main.css')
#1 /var/www/sites/yii/framework/base/CApplication.php(162): CWebApplication->processRequest()
#2 /var/www/sites/trabajorecepcionista2.com/index.php(13): CApplication->run()
#3 {main}
REQUEST_URI=/css/main.css
HTTP_REFERER=http://www.trabajo.com/site/index
---
2012/11/19 22:33:25 [error] [exception.CHttpException.404] exception 'CHttpException' with message 'Unable to resolve the request "css/screen.css".' in /var/www/sites/yii/framework/web/CWebApplication.php:287
Stack trace:
#0 /var/www/sites/yii/framework/web/CWebApplication.php(142): CWebApplication->runController('css/screen.css')
#1 /var/www/sites/yii/framework/base/CApplication.php(162): CWebApplication->processRequest()
#2 /var/www/sites/trabajorecepcionista2.com/index.php(13): CApplication->run()
#3 {main}
REQUEST_URI=/css/screen.css
HTTP_REFERER=http://www.trabajo.com/site/index
---
2012/11/19 22:33:25 [error] [exception.CHttpException.404] exception 'CHttpException' with message 'Unable to resolve the request "css/print.css".' in /var/www/sites/yii/framework/web/CWebApplication.php:287
Stack trace:
#0 /var/www/sites/yii/framework/web/CWebApplication.php(142): CWebApplication->runController('css/print.css')
#1 /var/www/sites/yii/framework/base/CApplication.php(162): CWebApplication->processRequest()
#2 /var/www/sites/trabajorecepcionista2.com/index.php(13): CApplication->run()
#3 {main}
REQUEST_URI=/css/print.css
HTTP_REFERER=http://www.trabajo.com/site/index
---
2012/11/19 22:34:11 [error] [exception.CHttpException.404] exception 'CHttpException' with message 'The requested page does not exist.' in /var/www/sites/trabajorecepcionista2.com/protected/controllers/CountriesController.php:53
Stack trace:
#0 /var/www/sites/trabajorecepcionista2.com/protected/controllers/CountriesController.php(29): CountriesController->loadModel('themes')
#1 [internal function]: CountriesController->actionView('themes')
#2 /var/www/sites/yii/framework/web/actions/CAction.php(107): ReflectionMethod->invokeArgs(Object(CountriesController), Array)
#3 /var/www/sites/yii/framework/web/actions/CInlineAction.php(48): CAction->runWithParamsInternal(Object(CountriesController), Object(ReflectionMethod), Array)
#4 /var/www/sites/yii/framework/web/CController.php(309): CInlineAction->runWithParams(Array)
#5 /var/www/sites/yii/framework/web/filters/CFilterChain.php(134): CController->runAction(Object(CInlineAction))
#6 /var/www/sites/yii/framework/web/filters/CFilter.php(41): CFilterChain->run()
#7 /var/www/sites/yii/framework/web/CController.php(1146): CFilter->filter(Object(CFilterChain))
#8 /var/www/sites/yii/framework/web/filters/CInlineFilter.php(59): CController->filterAccessControl(Object(CFilterChain))
#9 /var/www/sites/yii/framework/web/filters/CFilterChain.php(131): CInlineFilter->filter(Object(CFilterChain))
#10 /var/www/sites/yii/framework/web/CController.php(292): CFilterChain->run()
#11 /var/www/sites/yii/framework/web/CController.php(266): CController->runActionWithFilters(Object(CInlineAction), Array)
#12 /var/www/sites/yii/framework/web/CWebApplication.php(283): CController->run('view')
#13 /var/www/sites/yii/framework/web/CWebApplication.php(142): CWebApplication->runController('countries/view/...')
#14 /var/www/sites/yii/framework/base/CApplication.php(162): CWebApplication->processRequest()
#15 /var/www/sites/trabajorecepcionista2.com/index.php(13): CApplication->run()
#16 {main}
REQUEST_URI=/countries/view/id/themes/sunrise/favicon.ico
---
2012/11/19 22:34:29 [error] [exception.CHttpException.404] exception 'CHttpException' with message 'The requested page does not exist.' in /var/www/sites/trabajorecepcionista2.com/protected/controllers/CountriesController.php:53
Stack trace:
#0 /var/www/sites/trabajorecepcionista2.com/protected/controllers/CountriesController.php(29): CountriesController->loadModel('3')
#1 [internal function]: CountriesController->actionView('3')
#2 /var/www/sites/yii/framework/web/actions/CAction.php(107): ReflectionMethod->invokeArgs(Object(CountriesController), Array)
#3 /var/www/sites/yii/framework/web/actions/CInlineAction.php(48): CAction->runWithParamsInternal(Object(CountriesController), Object(ReflectionMethod), Array)
#4 /var/www/sites/yii/framework/web/CController.php(309): CInlineAction->runWithParams(Array)
#5 /var/www/sites/yii/framework/web/filters/CFilterChain.php(134): CController->runAction(Object(CInlineAction))
#6 /var/www/sites/yii/framework/web/filters/CFilter.php(41): CFilterChain->run()
#7 /var/www/sites/yii/framework/web/CController.php(1146): CFilter->filter(Object(CFilterChain))
#8 /var/www/sites/yii/framework/web/filters/CInlineFilter.php(59): CController->filterAccessControl(Object(CFilterChain))
#9 /var/www/sites/yii/framework/web/filters/CFilterChain.php(131): CInlineFilter->filter(Object(CFilterChain))
#10 /var/www/sites/yii/framework/web/CController.php(292): CFilterChain->run()
#11 /var/www/sites/yii/framework/web/CController.php(266): CController->runActionWithFilters(Object(CInlineAction), Array)
#12 /var/www/sites/yii/framework/web/CWebApplication.php(283): CController->run('view')
#13 /var/www/sites/yii/framework/web/CWebApplication.php(142): CWebApplication->runController('countries/view/...')
#14 /var/www/sites/yii/framework/base/CApplication.php(162): CWebApplication->processRequest()
#15 /var/www/sites/trabajorecepcionista2.com/index.php(13): CApplication->run()
#16 {main}
REQUEST_URI=/countries/view/id/3
---
2012/11/19 22:36:06 [error] [exception.CHttpException.404] exception 'CHttpException' with message 'The system is unable to find the requested action "AD".' in /var/www/sites/yii/framework/web/CController.php:484
Stack trace:
#0 /var/www/sites/yii/framework/web/CController.php(271): CController->missingAction('AD')
#1 /var/www/sites/yii/framework/web/CWebApplication.php(283): CController->run('AD')
#2 /var/www/sites/yii/framework/web/CWebApplication.php(142): CWebApplication->runController('countries/AD')
#3 /var/www/sites/yii/framework/base/CApplication.php(162): CWebApplication->processRequest()
#4 /var/www/sites/trabajorecepcionista2.com/index.php(13): CApplication->run()
#5 {main}
REQUEST_URI=/countries/AD
HTTP_REFERER=http://www.trabajo.com/countries
---
2012/11/19 22:36:20 [error] [exception.CHttpException.400] exception 'CHttpException' with message 'Your request is invalid.' in /var/www/sites/yii/framework/web/CController.php:337
Stack trace:
#0 /var/www/sites/yii/framework/web/CController.php(310): CController->invalidActionParams(Object(CInlineAction))
#1 /var/www/sites/yii/framework/web/filters/CFilterChain.php(134): CController->runAction(Object(CInlineAction))
#2 /var/www/sites/yii/framework/web/filters/CFilter.php(41): CFilterChain->run()
#3 /var/www/sites/yii/framework/web/CController.php(1146): CFilter->filter(Object(CFilterChain))
#4 /var/www/sites/yii/framework/web/filters/CInlineFilter.php(59): CController->filterAccessControl(Object(CFilterChain))
#5 /var/www/sites/yii/framework/web/filters/CFilterChain.php(131): CInlineFilter->filter(Object(CFilterChain))
#6 /var/www/sites/yii/framework/web/CController.php(292): CFilterChain->run()
#7 /var/www/sites/yii/framework/web/CController.php(266): CController->runActionWithFilters(Object(CInlineAction), Array)
#8 /var/www/sites/yii/framework/web/CWebApplication.php(283): CController->run('view')
#9 /var/www/sites/yii/framework/web/CWebApplication.php(142): CWebApplication->runController('countries/view/...')
#10 /var/www/sites/yii/framework/base/CApplication.php(162): CWebApplication->processRequest()
#11 /var/www/sites/trabajorecepcionista2.com/index.php(13): CApplication->run()
#12 {main}
REQUEST_URI=/countries/view/AD
---
2012/11/19 22:36:30 [error] [exception.CHttpException.404] exception 'CHttpException' with message 'The system is unable to find the requested action "AD".' in /var/www/sites/yii/framework/web/CController.php:484
Stack trace:
#0 /var/www/sites/yii/framework/web/CController.php(271): CController->missingAction('AD')
#1 /var/www/sites/yii/framework/web/CWebApplication.php(283): CController->run('AD')
#2 /var/www/sites/yii/framework/web/CWebApplication.php(142): CWebApplication->runController('countries/AD')
#3 /var/www/sites/yii/framework/base/CApplication.php(162): CWebApplication->processRequest()
#4 /var/www/sites/trabajorecepcionista2.com/index.php(13): CApplication->run()
#5 {main}
REQUEST_URI=/countries/AD
HTTP_REFERER=http://www.trabajo.com/countries
---
2012/11/19 22:36:35 [error] [exception.CHttpException.404] exception 'CHttpException' with message 'The system is unable to find the requested action "AD".' in /var/www/sites/yii/framework/web/CController.php:484
Stack trace:
#0 /var/www/sites/yii/framework/web/CController.php(271): CController->missingAction('AD')
#1 /var/www/sites/yii/framework/web/CWebApplication.php(283): CController->run('AD')
#2 /var/www/sites/yii/framework/web/CWebApplication.php(142): CWebApplication->runController('countries/AD')
#3 /var/www/sites/yii/framework/base/CApplication.php(162): CWebApplication->processRequest()
#4 /var/www/sites/trabajorecepcionista2.com/index.php(13): CApplication->run()
#5 {main}
REQUEST_URI=/countries/AD
HTTP_REFERER=http://www.trabajo.com/countries
---
2012/11/19 22:36:46 [error] [exception.CHttpException.404] exception 'CHttpException' with message 'The system is unable to find the requested action "AD".' in /var/www/sites/yii/framework/web/CController.php:484
Stack trace:
#0 /var/www/sites/yii/framework/web/CController.php(271): CController->missingAction('AD')
#1 /var/www/sites/yii/framework/web/CWebApplication.php(283): CController->run('AD')
#2 /var/www/sites/yii/framework/web/CWebApplication.php(142): CWebApplication->runController('countries/AD')
#3 /var/www/sites/yii/framework/base/CApplication.php(162): CWebApplication->processRequest()
#4 /var/www/sites/trabajorecepcionista2.com/index.php(13): CApplication->run()
#5 {main}
REQUEST_URI=/countries/AD
HTTP_REFERER=http://www.trabajo.com/countries
---
2012/11/19 22:37:14 [error] [exception.CHttpException.400] exception 'CHttpException' with message 'Your request is invalid.' in /var/www/sites/yii/framework/web/CController.php:337
Stack trace:
#0 /var/www/sites/yii/framework/web/CController.php(310): CController->invalidActionParams(Object(CInlineAction))
#1 /var/www/sites/yii/framework/web/filters/CFilterChain.php(134): CController->runAction(Object(CInlineAction))
#2 /var/www/sites/yii/framework/web/filters/CFilter.php(41): CFilterChain->run()
#3 /var/www/sites/yii/framework/web/CController.php(1146): CFilter->filter(Object(CFilterChain))
#4 /var/www/sites/yii/framework/web/filters/CInlineFilter.php(59): CController->filterAccessControl(Object(CFilterChain))
#5 /var/www/sites/yii/framework/web/filters/CFilterChain.php(131): CInlineFilter->filter(Object(CFilterChain))
#6 /var/www/sites/yii/framework/web/CController.php(292): CFilterChain->run()
#7 /var/www/sites/yii/framework/web/CController.php(266): CController->runActionWithFilters(Object(CInlineAction), Array)
#8 /var/www/sites/yii/framework/web/CWebApplication.php(283): CController->run('view')
#9 /var/www/sites/yii/framework/web/CWebApplication.php(142): CWebApplication->runController('countries/view/...')
#10 /var/www/sites/yii/framework/base/CApplication.php(162): CWebApplication->processRequest()
#11 /var/www/sites/trabajorecepcionista2.com/index.php(13): CApplication->run()
#12 {main}
REQUEST_URI=/countries/view/AD
HTTP_REFERER=http://www.trabajo.com/countries
---
2012/11/19 22:58:30 [error] [exception.CException] exception 'CException' with message 'Property "Countries.relations" is not defined.' in /var/www/sites/yii/framework/base/CComponent.php:131
Stack trace:
#0 /var/www/sites/yii/framework/db/ar/CActiveRecord.php(144): CComponent->__get('relations')
#1 /var/www/sites/trabajorecepcionista2.com/protected/views/countries/_view.php(11): CActiveRecord->__get('relations')
#2 /var/www/sites/yii/framework/web/CBaseController.php(131): require('/var/www/sites/...')
#3 /var/www/sites/yii/framework/web/CBaseController.php(96): CBaseController->renderInternal('/var/www/sites/...', Array, false)
#4 /var/www/sites/yii/framework/zii/widgets/CListView.php(260): CBaseController->renderFile('/var/www/sites/...', Array)
#5 /var/www/sites/yii/framework/zii/widgets/CBaseListView.php(161): CListView->renderItems()
#6 [internal function]: CBaseListView->renderSection(Array)
#7 /var/www/sites/yii/framework/zii/widgets/CBaseListView.php(144): preg_replace_callback('/{(\w+)}/', Array, '{summary}?{sort...')
#8 /var/www/sites/yii/framework/zii/widgets/CBaseListView.php(129): CBaseListView->renderContent()
#9 /var/www/sites/yii/framework/web/CBaseController.php(174): CBaseListView->run()
#10 /var/www/sites/trabajorecepcionista2.com/protected/views/countries/index.php(20): CBaseController->widget('zii.widgets.CLi...', Array)
#11 /var/www/sites/yii/framework/web/CBaseController.php(127): require('/var/www/sites/...')
#12 /var/www/sites/yii/framework/web/CBaseController.php(96): CBaseController->renderInternal('/var/www/sites/...', Array, true)
#13 /var/www/sites/yii/framework/web/CController.php(870): CBaseController->renderFile('/var/www/sites/...', Array, true)
#14 /var/www/sites/yii/framework/web/CController.php(783): CController->renderPartial('index', Array, true)
#15 /var/www/sites/trabajorecepcionista2.com/protected/controllers/CountriesController.php(30): CController->render('index', Array)
#16 /var/www/sites/yii/framework/web/actions/CInlineAction.php(50): CountriesController->actionIndex()
#17 /var/www/sites/yii/framework/web/CController.php(309): CInlineAction->runWithParams(Array)
#18 /var/www/sites/yii/framework/web/CController.php(287): CController->runAction(Object(CInlineAction))
#19 /var/www/sites/yii/framework/web/CController.php(266): CController->runActionWithFilters(Object(CInlineAction), Array)
#20 /var/www/sites/yii/framework/web/CWebApplication.php(283): CController->run('')
#21 /var/www/sites/yii/framework/web/CWebApplication.php(142): CWebApplication->runController('countries')
#22 /var/www/sites/yii/framework/base/CApplication.php(162): CWebApplication->processRequest()
#23 /var/www/sites/trabajorecepcionista2.com/index.php(13): CApplication->run()
#24 {main}
REQUEST_URI=/countries
HTTP_REFERER=http://www.trabajo.com/gii/crud
---
2012/11/19 22:59:31 [error] [php] htmlspecialchars() expects parameter 1 to be string, array given (/var/www/sites/yii/framework/web/helpers/CHtml.php:85)
Stack trace:
#0 /var/www/sites/yii/framework/web/CBaseController.php(131): require()
#1 /var/www/sites/yii/framework/web/CBaseController.php(96): CountriesController->renderInternal()
#2 /var/www/sites/yii/framework/zii/widgets/CListView.php(260): CountriesController->renderFile()
#3 /var/www/sites/yii/framework/zii/widgets/CBaseListView.php(161): CListView->renderItems()
#4 unknown(0): CListView->renderSection()
#5 /var/www/sites/yii/framework/zii/widgets/CBaseListView.php(144): preg_replace_callback()
#6 /var/www/sites/yii/framework/zii/widgets/CBaseListView.php(129): CListView->renderContent()
#7 /var/www/sites/yii/framework/web/CBaseController.php(174): CListView->run()
#8 /var/www/sites/trabajorecepcionista2.com/protected/views/countries/index.php(20): CountriesController->widget()
#9 /var/www/sites/yii/framework/web/CBaseController.php(127): require()
#10 /var/www/sites/yii/framework/web/CBaseController.php(96): CountriesController->renderInternal()
#11 /var/www/sites/yii/framework/web/CController.php(870): CountriesController->renderFile()
#12 /var/www/sites/yii/framework/web/CController.php(783): CountriesController->renderPartial()
#13 /var/www/sites/trabajorecepcionista2.com/protected/controllers/CountriesController.php(30): CountriesController->render()
#14 /var/www/sites/yii/framework/web/actions/CInlineAction.php(50): CountriesController->actionIndex()
#15 /var/www/sites/yii/framework/web/CController.php(309): CInlineAction->runWithParams()
#16 /var/www/sites/yii/framework/web/CController.php(287): CountriesController->runAction()
#17 /var/www/sites/yii/framework/web/CController.php(266): CountriesController->runActionWithFilters()
#18 /var/www/sites/yii/framework/web/CWebApplication.php(283): CountriesController->run()
#19 /var/www/sites/yii/framework/web/CWebApplication.php(142): CWebApplication->runController()
#20 /var/www/sites/yii/framework/base/CApplication.php(162): CWebApplication->processRequest()
#21 /var/www/sites/trabajorecepcionista2.com/index.php(13): CWebApplication->run()
REQUEST_URI=/countries
in /var/www/sites/trabajorecepcionista2.com/protected/views/countries/_view.php (10)
in /var/www/sites/trabajorecepcionista2.com/protected/views/countries/index.php (20)
in /var/www/sites/trabajorecepcionista2.com/protected/controllers/CountriesController.php (30)
2012/11/19 22:59:49 [error] [php] Use of undefined constant regions - assumed 'regions' (/var/www/sites/trabajorecepcionista2.com/protected/views/countries/_view.php:10)
Stack trace:
#0 /var/www/sites/yii/framework/zii/widgets/CListView.php(260): CountriesController->renderFile()
#1 /var/www/sites/yii/framework/zii/widgets/CBaseListView.php(161): CListView->renderItems()
#2 unknown(0): CListView->renderSection()
#3 /var/www/sites/yii/framework/zii/widgets/CBaseListView.php(144): preg_replace_callback()
#4 /var/www/sites/yii/framework/zii/widgets/CBaseListView.php(129): CListView->renderContent()
#5 /var/www/sites/yii/framework/web/CBaseController.php(174): CListView->run()
#6 /var/www/sites/trabajorecepcionista2.com/protected/views/countries/index.php(20): CountriesController->widget()
#7 /var/www/sites/yii/framework/web/CBaseController.php(127): require()
#8 /var/www/sites/yii/framework/web/CBaseController.php(96): CountriesController->renderInternal()
#9 /var/www/sites/yii/framework/web/CController.php(870): CountriesController->renderFile()
#10 /var/www/sites/yii/framework/web/CController.php(783): CountriesController->renderPartial()
#11 /var/www/sites/trabajorecepcionista2.com/protected/controllers/CountriesController.php(30): CountriesController->render()
#12 /var/www/sites/yii/framework/web/actions/CInlineAction.php(50): CountriesController->actionIndex()
#13 /var/www/sites/yii/framework/web/CController.php(309): CInlineAction->runWithParams()
#14 /var/www/sites/yii/framework/web/CController.php(287): CountriesController->runAction()
#15 /var/www/sites/yii/framework/web/CController.php(266): CountriesController->runActionWithFilters()
#16 /var/www/sites/yii/framework/web/CWebApplication.php(283): CountriesController->run()
#17 /var/www/sites/yii/framework/web/CWebApplication.php(142): CWebApplication->runController()
#18 /var/www/sites/yii/framework/base/CApplication.php(162): CWebApplication->processRequest()
#19 /var/www/sites/trabajorecepcionista2.com/index.php(13): CWebApplication->run()
REQUEST_URI=/countries
in /var/www/sites/trabajorecepcionista2.com/protected/views/countries/_view.php (10)
in /var/www/sites/trabajorecepcionista2.com/protected/views/countries/index.php (20)
in /var/www/sites/trabajorecepcionista2.com/protected/controllers/CountriesController.php (30)
2012/11/19 23:00:39 [error] [php] Trying to get property of non-object (/var/www/sites/trabajorecepcionista2.com/protected/views/countries/_view.php:11)
Stack trace:
#0 /var/www/sites/yii/framework/zii/widgets/CListView.php(260): CountriesController->renderFile()
#1 /var/www/sites/yii/framework/zii/widgets/CBaseListView.php(161): CListView->renderItems()
#2 unknown(0): CListView->renderSection()
#3 /var/www/sites/yii/framework/zii/widgets/CBaseListView.php(144): preg_replace_callback()
#4 /var/www/sites/yii/framework/zii/widgets/CBaseListView.php(129): CListView->renderContent()
#5 /var/www/sites/yii/framework/web/CBaseController.php(174): CListView->run()
#6 /var/www/sites/trabajorecepcionista2.com/protected/views/countries/index.php(20): CountriesController->widget()
#7 /var/www/sites/yii/framework/web/CBaseController.php(127): require()
#8 /var/www/sites/yii/framework/web/CBaseController.php(96): CountriesController->renderInternal()
#9 /var/www/sites/yii/framework/web/CController.php(870): CountriesController->renderFile()
#10 /var/www/sites/yii/framework/web/CController.php(783): CountriesController->renderPartial()
#11 /var/www/sites/trabajorecepcionista2.com/protected/controllers/CountriesController.php(30): CountriesController->render()
#12 /var/www/sites/yii/framework/web/actions/CInlineAction.php(50): CountriesController->actionIndex()
#13 /var/www/sites/yii/framework/web/CController.php(309): CInlineAction->runWithParams()
#14 /var/www/sites/yii/framework/web/CController.php(287): CountriesController->runAction()
#15 /var/www/sites/yii/framework/web/CController.php(266): CountriesController->runActionWithFilters()
#16 /var/www/sites/yii/framework/web/CWebApplication.php(283): CountriesController->run()
#17 /var/www/sites/yii/framework/web/CWebApplication.php(142): CWebApplication->runController()
#18 /var/www/sites/yii/framework/base/CApplication.php(162): CWebApplication->processRequest()
#19 /var/www/sites/trabajorecepcionista2.com/index.php(13): CWebApplication->run()
REQUEST_URI=/countries
in /var/www/sites/trabajorecepcionista2.com/protected/views/countries/_view.php (11)
in /var/www/sites/trabajorecepcionista2.com/protected/views/countries/index.php (20)
in /var/www/sites/trabajorecepcionista2.com/protected/controllers/CountriesController.php (30)
2012/11/19 23:01:30 [error] [php] htmlspecialchars() expects parameter 1 to be string, array given (/var/www/sites/yii/framework/web/helpers/CHtml.php:85)
Stack trace:
#0 /var/www/sites/yii/framework/utils/CFormatter.php(114): CFormatter->formatText()
#1 /var/www/sites/yii/framework/zii/widgets/CDetailView.php(216): CFormatter->format()
#2 /var/www/sites/yii/framework/web/CBaseController.php(174): CDetailView->run()
#3 /var/www/sites/trabajorecepcionista2.com/protected/views/countries/view.php(34): CountriesController->widget()
#4 /var/www/sites/yii/framework/web/CBaseController.php(127): require()
#5 /var/www/sites/yii/framework/web/CBaseController.php(96): CountriesController->renderInternal()
#6 /var/www/sites/yii/framework/web/CController.php(870): CountriesController->renderFile()
#7 /var/www/sites/yii/framework/web/CController.php(783): CountriesController->renderPartial()
#8 /var/www/sites/trabajorecepcionista2.com/protected/controllers/CountriesController.php(19): CountriesController->render()
#9 unknown(0): CountriesController->actionView()
#10 /var/www/sites/yii/framework/web/actions/CAction.php(107): ReflectionMethod->invokeArgs()
#11 /var/www/sites/yii/framework/web/actions/CInlineAction.php(48): CInlineAction->runWithParamsInternal()
#12 /var/www/sites/yii/framework/web/CController.php(309): CInlineAction->runWithParams()
#13 /var/www/sites/yii/framework/web/CController.php(287): CountriesController->runAction()
#14 /var/www/sites/yii/framework/web/CController.php(266): CountriesController->runActionWithFilters()
#15 /var/www/sites/yii/framework/web/CWebApplication.php(283): CountriesController->run()
#16 /var/www/sites/yii/framework/web/CWebApplication.php(142): CWebApplication->runController()
#17 /var/www/sites/yii/framework/base/CApplication.php(162): CWebApplication->processRequest()
#18 /var/www/sites/trabajorecepcionista2.com/index.php(13): CWebApplication->run()
REQUEST_URI=/countries/AD
in /var/www/sites/trabajorecepcionista2.com/protected/views/countries/view.php (34)
in /var/www/sites/trabajorecepcionista2.com/protected/controllers/CountriesController.php (19)
in /var/www/sites/trabajorecepcionista2.com/index.php (13)
2012/11/19 23:01:58 [error] [php] Use of undefined constant model - assumed 'model' (/var/www/sites/trabajorecepcionista2.com/protected/views/countries/view.php:22)
Stack trace:
#0 /var/www/sites/yii/framework/web/CController.php(870): CountriesController->renderFile()
#1 /var/www/sites/yii/framework/web/CController.php(783): CountriesController->renderPartial()
#2 /var/www/sites/trabajorecepcionista2.com/protected/controllers/CountriesController.php(19): CountriesController->render()
#3 unknown(0): CountriesController->actionView()
#4 /var/www/sites/yii/framework/web/actions/CAction.php(107): ReflectionMethod->invokeArgs()
#5 /var/www/sites/yii/framework/web/actions/CInlineAction.php(48): CInlineAction->runWithParamsInternal()
#6 /var/www/sites/yii/framework/web/CController.php(309): CInlineAction->runWithParams()
#7 /var/www/sites/yii/framework/web/CController.php(287): CountriesController->runAction()
#8 /var/www/sites/yii/framework/web/CController.php(266): CountriesController->runActionWithFilters()
#9 /var/www/sites/yii/framework/web/CWebApplication.php(283): CountriesController->run()
#10 /var/www/sites/yii/framework/web/CWebApplication.php(142): CWebApplication->runController()
#11 /var/www/sites/yii/framework/base/CApplication.php(162): CWebApplication->processRequest()
#12 /var/www/sites/trabajorecepcionista2.com/index.php(13): CWebApplication->run()
REQUEST_URI=/countries/AD
in /var/www/sites/trabajorecepcionista2.com/protected/views/countries/view.php (22)
in /var/www/sites/trabajorecepcionista2.com/protected/controllers/CountriesController.php (19)
in /var/www/sites/trabajorecepcionista2.com/index.php (13)
2012/11/19 23:32:00 [error] [exception.CHttpException.404] exception 'CHttpException' with message 'Unable to resolve the request "countries/view".' in /var/www/sites/yii/framework/web/CWebApplication.php:287
Stack trace:
#0 /var/www/sites/yii/framework/web/CWebApplication.php(142): CWebApplication->runController('countries/view')
#1 /var/www/sites/yii/framework/base/CApplication.php(162): CWebApplication->processRequest()
#2 /var/www/sites/trabajorecepcionista2.com/index.php(13): CApplication->run()
#3 {main}
REQUEST_URI=/countries/AN
HTTP_REFERER=http://www.trabajo.com/countries
---
2012/11/19 23:32:03 [error] [exception.CHttpException.404] exception 'CHttpException' with message 'The system is unable to find the requested action "view".' in /var/www/sites/yii/framework/web/CController.php:484
Stack trace:
#0 /var/www/sites/yii/framework/web/CController.php(271): CController->missingAction('view')
#1 /var/www/sites/yii/framework/web/CWebApplication.php(283): CController->run('view')
#2 /var/www/sites/yii/framework/web/CWebApplication.php(142): CWebApplication->runController('site/view')
#3 /var/www/sites/yii/framework/base/CApplication.php(162): CWebApplication->processRequest()
#4 /var/www/sites/trabajorecepcionista2.com/index.php(13): CApplication->run()
#5 {main}
REQUEST_URI=/site/index
HTTP_REFERER=http://www.trabajo.com/countries/AN
---
2012/11/19 23:32:07 [error] [exception.CHttpException.404] exception 'CHttpException' with message 'The system is unable to find the requested action "view".' in /var/www/sites/yii/framework/web/CController.php:484
Stack trace:
#0 /var/www/sites/yii/framework/web/CController.php(271): CController->missingAction('view')
#1 /var/www/sites/yii/framework/web/CWebApplication.php(283): CController->run('view')
#2 /var/www/sites/yii/framework/web/CWebApplication.php(142): CWebApplication->runController('site/view')
#3 /var/www/sites/yii/framework/base/CApplication.php(162): CWebApplication->processRequest()
#4 /var/www/sites/trabajorecepcionista2.com/index.php(13): CApplication->run()
#5 {main}
REQUEST_URI=/site/index
HTTP_REFERER=http://www.trabajo.com/site/index
---
2012/11/19 23:32:08 [error] [exception.CHttpException.404] exception 'CHttpException' with message 'The system is unable to find the requested action "view".' in /var/www/sites/yii/framework/web/CController.php:484
Stack trace:
#0 /var/www/sites/yii/framework/web/CController.php(271): CController->missingAction('view')
#1 /var/www/sites/yii/framework/web/CWebApplication.php(283): CController->run('view')
#2 /var/www/sites/yii/framework/web/CWebApplication.php(142): CWebApplication->runController('site/view')
#3 /var/www/sites/yii/framework/base/CApplication.php(162): CWebApplication->processRequest()
#4 /var/www/sites/trabajorecepcionista2.com/index.php(13): CApplication->run()
#5 {main}
REQUEST_URI=/site/index
HTTP_REFERER=http://www.trabajo.com/site/index
---
2012/11/19 23:32:10 [error] [exception.CHttpException.404] exception 'CHttpException' with message 'The system is unable to find the requested action "view".' in /var/www/sites/yii/framework/web/CController.php:484
Stack trace:
#0 /var/www/sites/yii/framework/web/CController.php(271): CController->missingAction('view')
#1 /var/www/sites/yii/framework/web/CWebApplication.php(283): CController->run('view')
#2 /var/www/sites/yii/framework/web/CWebApplication.php(142): CWebApplication->runController('site/view')
#3 /var/www/sites/yii/framework/base/CApplication.php(162): CWebApplication->processRequest()
#4 /var/www/sites/trabajorecepcionista2.com/index.php(13): CApplication->run()
#5 {main}
REQUEST_URI=/site/index
HTTP_REFERER=http://www.trabajo.com/site/index
---
2012/11/19 23:32:29 [error] [exception.CHttpException.404] exception 'CHttpException' with message 'The system is unable to find the requested action "view".' in /var/www/sites/yii/framework/web/CController.php:484
Stack trace:
#0 /var/www/sites/yii/framework/web/CController.php(271): CController->missingAction('view')
#1 /var/www/sites/yii/framework/web/CWebApplication.php(283): CController->run('view')
#2 /var/www/sites/yii/framework/web/CWebApplication.php(142): CWebApplication->runController('site/view')
#3 /var/www/sites/yii/framework/base/CApplication.php(162): CWebApplication->processRequest()
#4 /var/www/sites/trabajorecepcionista2.com/index.php(13): CApplication->run()
#5 {main}
REQUEST_URI=/site/index
HTTP_REFERER=http://www.trabajo.com/
---
2012/11/19 23:33:05 [error] [exception.CHttpException.404] exception 'CHttpException' with message 'The system is unable to find the requested action "view".' in /var/www/sites/yii/framework/web/CController.php:484
Stack trace:
#0 /var/www/sites/yii/framework/web/CController.php(271): CController->missingAction('view')
#1 /var/www/sites/yii/framework/web/CWebApplication.php(283): CController->run('view')
#2 /var/www/sites/yii/framework/web/CWebApplication.php(142): CWebApplication->runController('site/view')
#3 /var/www/sites/yii/framework/base/CApplication.php(162): CWebApplication->processRequest()
#4 /var/www/sites/trabajorecepcionista2.com/index.php(13): CApplication->run()
#5 {main}
REQUEST_URI=/site/index
HTTP_REFERER=http://www.trabajo.com/
---
2012/11/19 23:33:14 [error] [exception.CHttpException.404] exception 'CHttpException' with message 'Unable to resolve the request "gii/view".' in /var/www/sites/yii/framework/web/CWebApplication.php:287
Stack trace:
#0 /var/www/sites/yii/framework/web/CWebApplication.php(142): CWebApplication->runController('gii/view')
#1 /var/www/sites/yii/framework/base/CApplication.php(162): CWebApplication->processRequest()
#2 /var/www/sites/trabajorecepcionista2.com/index.php(13): CApplication->run()
#3 {main}
REQUEST_URI=/gii/model
HTTP_REFERER=http://www.trabajo.com/gii/crud
---
2012/11/19 23:33:22 [error] [exception.CHttpException.404] exception 'CHttpException' with message 'Unable to resolve the request "gii/view".' in /var/www/sites/yii/framework/web/CWebApplication.php:287
Stack trace:
#0 /var/www/sites/yii/framework/web/CWebApplication.php(142): CWebApplication->runController('gii/view')
#1 /var/www/sites/yii/framework/base/CApplication.php(162): CWebApplication->processRequest()
#2 /var/www/sites/trabajorecepcionista2.com/index.php(13): CApplication->run()
#3 {main}
REQUEST_URI=/gii/model
HTTP_REFERER=http://www.trabajo.com/gii
---
2012/11/19 23:59:59 [error] [exception.CHttpException.404] exception 'CHttpException' with message 'Unable to resolve the request "favicon.ico".' in /var/www/sites/yii/framework/web/CWebApplication.php:287
Stack trace:
#0 /var/www/sites/yii/framework/web/CWebApplication.php(142): CWebApplication->runController('favicon.ico')
#1 /var/www/sites/yii/framework/base/CApplication.php(162): CWebApplication->processRequest()
#2 /var/www/sites/trabajorecepcionista2.com/index.php(13): CApplication->run()
#3 {main}
REQUEST_URI=/favicon.ico
---
2012/11/19 23:59:59 [error] [exception.CHttpException.404] exception 'CHttpException' with message 'Unable to resolve the request "favicon.ico".' in /var/www/sites/yii/framework/web/CWebApplication.php:287
Stack trace:
#0 /var/www/sites/yii/framework/web/CWebApplication.php(142): CWebApplication->runController('favicon.ico')
#1 /var/www/sites/yii/framework/base/CApplication.php(162): CWebApplication->processRequest()
#2 /var/www/sites/trabajorecepcionista2.com/index.php(13): CApplication->run()
#3 {main}
REQUEST_URI=/favicon.ico
---
2012/11/20 00:00:20 [error] [exception.CHttpException.404] exception 'CHttpException' with message 'Unable to resolve the request "favicon.ico".' in /var/www/sites/yii/framework/web/CWebApplication.php:287
Stack trace:
#0 /var/www/sites/yii/framework/web/CWebApplication.php(142): CWebApplication->runController('favicon.ico')
#1 /var/www/sites/yii/framework/base/CApplication.php(162): CWebApplication->processRequest()
#2 /var/www/sites/trabajorecepcionista2.com/index.php(13): CApplication->run()
#3 {main}
REQUEST_URI=/favicon.ico
---
2012/11/20 00:00:20 [error] [exception.CHttpException.404] exception 'CHttpException' with message 'Unable to resolve the request "favicon.ico".' in /var/www/sites/yii/framework/web/CWebApplication.php:287
Stack trace:
#0 /var/www/sites/yii/framework/web/CWebApplication.php(142): CWebApplication->runController('favicon.ico')
#1 /var/www/sites/yii/framework/base/CApplication.php(162): CWebApplication->processRequest()
#2 /var/www/sites/trabajorecepcionista2.com/index.php(13): CApplication->run()
#3 {main}
REQUEST_URI=/favicon.ico
---
2012/11/20 00:06:48 [error] [exception.CHttpException.404] exception 'CHttpException' with message 'Unable to resolve the request "favicon.ico".' in /var/www/sites/yii/framework/web/CWebApplication.php:287
Stack trace:
#0 /var/www/sites/yii/framework/web/CWebApplication.php(142): CWebApplication->runController('favicon.ico')
#1 /var/www/sites/yii/framework/base/CApplication.php(162): CWebApplication->processRequest()
#2 /var/www/sites/trabajorecepcionista2.com/index.php(13): CApplication->run()
#3 {main}
REQUEST_URI=/favicon.ico
---
2012/11/20 00:06:48 [error] [exception.CHttpException.404] exception 'CHttpException' with message 'Unable to resolve the request "favicon.ico".' in /var/www/sites/yii/framework/web/CWebApplication.php:287
Stack trace:
#0 /var/www/sites/yii/framework/web/CWebApplication.php(142): CWebApplication->runController('favicon.ico')
#1 /var/www/sites/yii/framework/base/CApplication.php(162): CWebApplication->processRequest()
#2 /var/www/sites/trabajorecepcionista2.com/index.php(13): CApplication->run()
#3 {main}
REQUEST_URI=/favicon.ico
---
2012/11/20 00:08:32 [error] [php] Undefined variable: id (/var/www/sites/trabajorecepcionista2.com/protected/views/site/index.php:8)
Stack trace:
#0 /var/www/sites/yii/framework/web/CController.php(870): SiteController->renderFile()
#1 /var/www/sites/yii/framework/web/CController.php(783): SiteController->renderPartial()
#2 /var/www/sites/trabajorecepcionista2.com/protected/controllers/SiteController.php(32): SiteController->render()
#3 /var/www/sites/yii/framework/web/actions/CInlineAction.php(50): SiteController->actionIndex()
#4 /var/www/sites/yii/framework/web/CController.php(309): CInlineAction->runWithParams()
#5 /var/www/sites/yii/framework/web/CController.php(287): SiteController->runAction()
#6 /var/www/sites/yii/framework/web/CController.php(266): SiteController->runActionWithFilters()
#7 /var/www/sites/yii/framework/web/CWebApplication.php(283): SiteController->run()
#8 /var/www/sites/yii/framework/web/CWebApplication.php(142): CWebApplication->runController()
#9 /var/www/sites/yii/framework/base/CApplication.php(162): CWebApplication->processRequest()
#10 /var/www/sites/trabajorecepcionista2.com/index.php(13): CWebApplication->run()
REQUEST_URI=/
in /var/www/sites/trabajorecepcionista2.com/protected/views/site/index.php (8)
in /var/www/sites/trabajorecepcionista2.com/protected/controllers/SiteController.php (32)
in /var/www/sites/trabajorecepcionista2.com/index.php (13)
2012/11/20 00:09:03 [error] [php] Undefined variable: id (/var/www/sites/trabajorecepcionista2.com/protected/views/site/index.php:8)
Stack trace:
#0 /var/www/sites/yii/framework/web/CController.php(870): SiteController->renderFile()
#1 /var/www/sites/yii/framework/web/CController.php(783): SiteController->renderPartial()
#2 /var/www/sites/trabajorecepcionista2.com/protected/controllers/SiteController.php(32): SiteController->render()
#3 /var/www/sites/yii/framework/web/actions/CInlineAction.php(50): SiteController->actionIndex()
#4 /var/www/sites/yii/framework/web/CController.php(309): CInlineAction->runWithParams()
#5 /var/www/sites/yii/framework/web/CController.php(287): SiteController->runAction()
#6 /var/www/sites/yii/framework/web/CController.php(266): SiteController->runActionWithFilters()
#7 /var/www/sites/yii/framework/web/CWebApplication.php(283): SiteController->run()
#8 /var/www/sites/yii/framework/web/CWebApplication.php(142): CWebApplication->runController()
#9 /var/www/sites/yii/framework/base/CApplication.php(162): CWebApplication->processRequest()
#10 /var/www/sites/trabajorecepcionista2.com/index.php(13): CWebApplication->run()
REQUEST_URI=/
in /var/www/sites/trabajorecepcionista2.com/protected/views/site/index.php (8)
in /var/www/sites/trabajorecepcionista2.com/protected/controllers/SiteController.php (32)
in /var/www/sites/trabajorecepcionista2.com/index.php (13)
2012/11/20 00:09:03 [error] [php] Undefined variable: id (/var/www/sites/trabajorecepcionista2.com/protected/views/site/index.php:8)
Stack trace:
#0 /var/www/sites/yii/framework/web/CController.php(870): SiteController->renderFile()
#1 /var/www/sites/yii/framework/web/CController.php(783): SiteController->renderPartial()
#2 /var/www/sites/trabajorecepcionista2.com/protected/controllers/SiteController.php(32): SiteController->render()
#3 /var/www/sites/yii/framework/web/actions/CInlineAction.php(50): SiteController->actionIndex()
#4 /var/www/sites/yii/framework/web/CController.php(309): CInlineAction->runWithParams()
#5 /var/www/sites/yii/framework/web/CController.php(287): SiteController->runAction()
#6 /var/www/sites/yii/framework/web/CController.php(266): SiteController->runActionWithFilters()
#7 /var/www/sites/yii/framework/web/CWebApplication.php(283): SiteController->run()
#8 /var/www/sites/yii/framework/web/CWebApplication.php(142): CWebApplication->runController()
#9 /var/www/sites/yii/framework/base/CApplication.php(162): CWebApplication->processRequest()
#10 /var/www/sites/trabajorecepcionista2.com/index.php(13): CWebApplication->run()
REQUEST_URI=/
in /var/www/sites/trabajorecepcionista2.com/protected/views/site/index.php (8)
in /var/www/sites/trabajorecepcionista2.com/protected/controllers/SiteController.php (32)
in /var/www/sites/trabajorecepcionista2.com/index.php (13)
2012/11/20 00:09:03 [error] [php] Undefined variable: id (/var/www/sites/trabajorecepcionista2.com/protected/views/site/index.php:8)
Stack trace:
#0 /var/www/sites/yii/framework/web/CController.php(870): SiteController->renderFile()
#1 /var/www/sites/yii/framework/web/CController.php(783): SiteController->renderPartial()
#2 /var/www/sites/trabajorecepcionista2.com/protected/controllers/SiteController.php(32): SiteController->render()
#3 /var/www/sites/yii/framework/web/actions/CInlineAction.php(50): SiteController->actionIndex()
#4 /var/www/sites/yii/framework/web/CController.php(309): CInlineAction->runWithParams()
#5 /var/www/sites/yii/framework/web/CController.php(287): SiteController->runAction()
#6 /var/www/sites/yii/framework/web/CController.php(266): SiteController->runActionWithFilters()
#7 /var/www/sites/yii/framework/web/CWebApplication.php(283): SiteController->run()
#8 /var/www/sites/yii/framework/web/CWebApplication.php(142): CWebApplication->runController()
#9 /var/www/sites/yii/framework/base/CApplication.php(162): CWebApplication->processRequest()
#10 /var/www/sites/trabajorecepcionista2.com/index.php(13): CWebApplication->run()
REQUEST_URI=/
in /var/www/sites/trabajorecepcionista2.com/protected/views/site/index.php (8)
in /var/www/sites/trabajorecepcionista2.com/protected/controllers/SiteController.php (32)
in /var/www/sites/trabajorecepcionista2.com/index.php (13)
2012/11/20 00:09:04 [error] [php] Undefined variable: id (/var/www/sites/trabajorecepcionista2.com/protected/views/site/index.php:8)
Stack trace:
#0 /var/www/sites/yii/framework/web/CController.php(870): SiteController->renderFile()
#1 /var/www/sites/yii/framework/web/CController.php(783): SiteController->renderPartial()
#2 /var/www/sites/trabajorecepcionista2.com/protected/controllers/SiteController.php(32): SiteController->render()
#3 /var/www/sites/yii/framework/web/actions/CInlineAction.php(50): SiteController->actionIndex()
#4 /var/www/sites/yii/framework/web/CController.php(309): CInlineAction->runWithParams()
#5 /var/www/sites/yii/framework/web/CController.php(287): SiteController->runAction()
#6 /var/www/sites/yii/framework/web/CController.php(266): SiteController->runActionWithFilters()
#7 /var/www/sites/yii/framework/web/CWebApplication.php(283): SiteController->run()
#8 /var/www/sites/yii/framework/web/CWebApplication.php(142): CWebApplication->runController()
#9 /var/www/sites/yii/framework/base/CApplication.php(162): CWebApplication->processRequest()
#10 /var/www/sites/trabajorecepcionista2.com/index.php(13): CWebApplication->run()
REQUEST_URI=/
in /var/www/sites/trabajorecepcionista2.com/protected/views/site/index.php (8)
in /var/www/sites/trabajorecepcionista2.com/protected/controllers/SiteController.php (32)
in /var/www/sites/trabajorecepcionista2.com/index.php (13)
2012/11/20 00:09:05 [error] [php] Undefined variable: id (/var/www/sites/trabajorecepcionista2.com/protected/views/site/index.php:8)
Stack trace:
#0 /var/www/sites/yii/framework/web/CController.php(870): SiteController->renderFile()
#1 /var/www/sites/yii/framework/web/CController.php(783): SiteController->renderPartial()
#2 /var/www/sites/trabajorecepcionista2.com/protected/controllers/SiteController.php(32): SiteController->render()
#3 /var/www/sites/yii/framework/web/actions/CInlineAction.php(50): SiteController->actionIndex()
#4 /var/www/sites/yii/framework/web/CController.php(309): CInlineAction->runWithParams()
#5 /var/www/sites/yii/framework/web/CController.php(287): SiteController->runAction()
#6 /var/www/sites/yii/framework/web/CController.php(266): SiteController->runActionWithFilters()
#7 /var/www/sites/yii/framework/web/CWebApplication.php(283): SiteController->run()
#8 /var/www/sites/yii/framework/web/CWebApplication.php(142): CWebApplication->runController()
#9 /var/www/sites/yii/framework/base/CApplication.php(162): CWebApplication->processRequest()
#10 /var/www/sites/trabajorecepcionista2.com/index.php(13): CWebApplication->run()
REQUEST_URI=/
in /var/www/sites/trabajorecepcionista2.com/protected/views/site/index.php (8)
in /var/www/sites/trabajorecepcionista2.com/protected/controllers/SiteController.php (32)
in /var/www/sites/trabajorecepcionista2.com/index.php (13)
2012/11/20 00:09:06 [error] [php] Undefined variable: id (/var/www/sites/trabajorecepcionista2.com/protected/views/site/index.php:8)
Stack trace:
#0 /var/www/sites/yii/framework/web/CController.php(870): SiteController->renderFile()
#1 /var/www/sites/yii/framework/web/CController.php(783): SiteController->renderPartial()
#2 /var/www/sites/trabajorecepcionista2.com/protected/controllers/SiteController.php(32): SiteController->render()
#3 /var/www/sites/yii/framework/web/actions/CInlineAction.php(50): SiteController->actionIndex()
#4 /var/www/sites/yii/framework/web/CController.php(309): CInlineAction->runWithParams()
#5 /var/www/sites/yii/framework/web/CController.php(287): SiteController->runAction()
#6 /var/www/sites/yii/framework/web/CController.php(266): SiteController->runActionWithFilters()
#7 /var/www/sites/yii/framework/web/CWebApplication.php(283): SiteController->run()
#8 /var/www/sites/yii/framework/web/CWebApplication.php(142): CWebApplication->runController()
#9 /var/www/sites/yii/framework/base/CApplication.php(162): CWebApplication->processRequest()
#10 /var/www/sites/trabajorecepcionista2.com/index.php(13): CWebApplication->run()
REQUEST_URI=/
in /var/www/sites/trabajorecepcionista2.com/protected/views/site/index.php (8)
in /var/www/sites/trabajorecepcionista2.com/protected/controllers/SiteController.php (32)
in /var/www/sites/trabajorecepcionista2.com/index.php (13)
2012/11/20 00:09:07 [error] [php] Undefined variable: id (/var/www/sites/trabajorecepcionista2.com/protected/views/site/index.php:8)
Stack trace:
#0 /var/www/sites/yii/framework/web/CController.php(870): SiteController->renderFile()
#1 /var/www/sites/yii/framework/web/CController.php(783): SiteController->renderPartial()
#2 /var/www/sites/trabajorecepcionista2.com/protected/controllers/SiteController.php(32): SiteController->render()
#3 /var/www/sites/yii/framework/web/actions/CInlineAction.php(50): SiteController->actionIndex()
#4 /var/www/sites/yii/framework/web/CController.php(309): CInlineAction->runWithParams()
#5 /var/www/sites/yii/framework/web/CController.php(287): SiteController->runAction()
#6 /var/www/sites/yii/framework/web/CController.php(266): SiteController->runActionWithFilters()
#7 /var/www/sites/yii/framework/web/CWebApplication.php(283): SiteController->run()
#8 /var/www/sites/yii/framework/web/CWebApplication.php(142): CWebApplication->runController()
#9 /var/www/sites/yii/framework/base/CApplication.php(162): CWebApplication->processRequest()
#10 /var/www/sites/trabajorecepcionista2.com/index.php(13): CWebApplication->run()
REQUEST_URI=/
in /var/www/sites/trabajorecepcionista2.com/protected/views/site/index.php (8)
in /var/www/sites/trabajorecepcionista2.com/protected/controllers/SiteController.php (32)
in /var/www/sites/trabajorecepcionista2.com/index.php (13)
2012/11/20 00:09:28 [error] [exception.CHttpException.404] exception 'CHttpException' with message 'Unable to resolve the request "<controller>/view".' in /var/www/sites/yii/framework/web/CWebApplication.php:287
Stack trace:
#0 /var/www/sites/yii/framework/web/CWebApplication.php(142): CWebApplication->runController('<controller>/vi...')
#1 /var/www/sites/yii/framework/base/CApplication.php(162): CWebApplication->processRequest()
#2 /var/www/sites/trabajorecepcionista2.com/index.php(13): CApplication->run()
#3 {main}
REQUEST_URI=/
---
2012/11/20 00:09:31 [error] [exception.CHttpException.404] exception 'CHttpException' with message 'Unable to resolve the request "<controller>/view".' in /var/www/sites/yii/framework/web/CWebApplication.php:287
Stack trace:
#0 /var/www/sites/yii/framework/web/CWebApplication.php(142): CWebApplication->runController('<controller>/vi...')
#1 /var/www/sites/yii/framework/base/CApplication.php(162): CWebApplication->processRequest()
#2 /var/www/sites/trabajorecepcionista2.com/index.php(13): CApplication->run()
#3 {main}
REQUEST_URI=/
---
2012/11/20 00:10:53 [error] [exception.CHttpException.404] exception 'CHttpException' with message 'Unable to resolve the request "favicon.ico".' in /var/www/sites/yii/framework/web/CWebApplication.php:287
Stack trace:
#0 /var/www/sites/yii/framework/web/CWebApplication.php(142): CWebApplication->runController('favicon.ico')
#1 /var/www/sites/yii/framework/base/CApplication.php(162): CWebApplication->processRequest()
#2 /var/www/sites/trabajorecepcionista2.com/index.php(13): CApplication->run()
#3 {main}
REQUEST_URI=/favicon.ico
---
2012/11/20 00:10:53 [error] [exception.CHttpException.404] exception 'CHttpException' with message 'Unable to resolve the request "favicon.ico".' in /var/www/sites/yii/framework/web/CWebApplication.php:287
Stack trace:
#0 /var/www/sites/yii/framework/web/CWebApplication.php(142): CWebApplication->runController('favicon.ico')
#1 /var/www/sites/yii/framework/base/CApplication.php(162): CWebApplication->processRequest()
#2 /var/www/sites/trabajorecepcionista2.com/index.php(13): CApplication->run()
#3 {main}
REQUEST_URI=/favicon.ico
---
2012/11/20 00:12:18 [error] [exception.CHttpException.404] exception 'CHttpException' with message 'The requested page does not exist.' in /var/www/sites/trabajorecepcionista2.com/protected/controllers/CountriesController.php:155
Stack trace:
#0 /var/www/sites/trabajorecepcionista2.com/protected/controllers/CountriesController.php(55): CountriesController->loadModel('www')
#1 [internal function]: CountriesController->actionView('www')
#2 /var/www/sites/yii/framework/web/actions/CAction.php(107): ReflectionMethod->invokeArgs(Object(CountriesController), Array)
#3 /var/www/sites/yii/framework/web/actions/CInlineAction.php(48): CAction->runWithParamsInternal(Object(CountriesController), Object(ReflectionMethod), Array)
#4 /var/www/sites/yii/framework/web/CController.php(309): CInlineAction->runWithParams(Array)
#5 /var/www/sites/yii/framework/web/filters/CFilterChain.php(134): CController->runAction(Object(CInlineAction))
#6 /var/www/sites/yii/framework/web/filters/CFilter.php(41): CFilterChain->run()
#7 /var/www/sites/yii/framework/web/CController.php(1146): CFilter->filter(Object(CFilterChain))
#8 /var/www/sites/yii/framework/web/filters/CInlineFilter.php(59): CController->filterAccessControl(Object(CFilterChain))
#9 /var/www/sites/yii/framework/web/filters/CFilterChain.php(131): CInlineFilter->filter(Object(CFilterChain))
#10 /var/www/sites/yii/framework/web/CController.php(292): CFilterChain->run()
#11 /var/www/sites/yii/framework/web/CController.php(266): CController->runActionWithFilters(Object(CInlineAction), Array)
#12 /var/www/sites/yii/framework/web/CWebApplication.php(283): CController->run('view')
#13 /var/www/sites/yii/framework/web/CWebApplication.php(142): CWebApplication->runController('countries/view')
#14 /var/www/sites/yii/framework/base/CApplication.php(162): CWebApplication->processRequest()
#15 /var/www/sites/trabajorecepcionista2.com/index.php(13): CApplication->run()
#16 {main}
REQUEST_URI=/
---
2012/11/20 00:12:50 [error] [php] Undefined variable: id (/var/www/sites/trabajorecepcionista2.com/protected/views/site/index.php:8)
Stack trace:
#0 /var/www/sites/yii/framework/web/CController.php(870): SiteController->renderFile()
#1 /var/www/sites/yii/framework/web/CController.php(783): SiteController->renderPartial()
#2 /var/www/sites/trabajorecepcionista2.com/protected/controllers/SiteController.php(32): SiteController->render()
#3 /var/www/sites/yii/framework/web/actions/CInlineAction.php(50): SiteController->actionIndex()
#4 /var/www/sites/yii/framework/web/CController.php(309): CInlineAction->runWithParams()
#5 /var/www/sites/yii/framework/web/CController.php(287): SiteController->runAction()
#6 /var/www/sites/yii/framework/web/CController.php(266): SiteController->runActionWithFilters()
#7 /var/www/sites/yii/framework/web/CWebApplication.php(283): SiteController->run()
#8 /var/www/sites/yii/framework/web/CWebApplication.php(142): CWebApplication->runController()
#9 /var/www/sites/yii/framework/base/CApplication.php(162): CWebApplication->processRequest()
#10 /var/www/sites/trabajorecepcionista2.com/index.php(13): CWebApplication->run()
REQUEST_URI=/
in /var/www/sites/trabajorecepcionista2.com/protected/views/site/index.php (8)
in /var/www/sites/trabajorecepcionista2.com/protected/controllers/SiteController.php (32)
in /var/www/sites/trabajorecepcionista2.com/index.php (13)
2012/11/20 00:13:26 [error] [exception.CHttpException.404] exception 'CHttpException' with message 'The requested page does not exist.' in /var/www/sites/trabajorecepcionista2.com/protected/controllers/CountriesController.php:155
Stack trace:
#0 /var/www/sites/trabajorecepcionista2.com/protected/controllers/CountriesController.php(55): CountriesController->loadModel('index')
#1 [internal function]: CountriesController->actionView('index')
#2 /var/www/sites/yii/framework/web/actions/CAction.php(107): ReflectionMethod->invokeArgs(Object(CountriesController), Array)
#3 /var/www/sites/yii/framework/web/actions/CInlineAction.php(48): CAction->runWithParamsInternal(Object(CountriesController), Object(ReflectionMethod), Array)
#4 /var/www/sites/yii/framework/web/CController.php(309): CInlineAction->runWithParams(Array)
#5 /var/www/sites/yii/framework/web/filters/CFilterChain.php(134): CController->runAction(Object(CInlineAction))
#6 /var/www/sites/yii/framework/web/filters/CFilter.php(41): CFilterChain->run()
#7 /var/www/sites/yii/framework/web/CController.php(1146): CFilter->filter(Object(CFilterChain))
#8 /var/www/sites/yii/framework/web/filters/CInlineFilter.php(59): CController->filterAccessControl(Object(CFilterChain))
#9 /var/www/sites/yii/framework/web/filters/CFilterChain.php(131): CInlineFilter->filter(Object(CFilterChain))
#10 /var/www/sites/yii/framework/web/CController.php(292): CFilterChain->run()
#11 /var/www/sites/yii/framework/web/CController.php(266): CController->runActionWithFilters(Object(CInlineAction), Array)
#12 /var/www/sites/yii/framework/web/CWebApplication.php(283): CController->run('view')
#13 /var/www/sites/yii/framework/web/CWebApplication.php(142): CWebApplication->runController('countries/view')
#14 /var/www/sites/yii/framework/base/CApplication.php(162): CWebApplication->processRequest()
#15 /var/www/sites/trabajorecepcionista2.com/index.php(13): CApplication->run()
#16 {main}
REQUEST_URI=/countries/index
HTTP_REFERER=http://mx.trabajorecepcion.com/
---
2012/11/20 00:14:49 [error] [exception.CHttpException.404] exception 'CHttpException' with message 'Unable to resolve the request "regions/view".' in /var/www/sites/yii/framework/web/CWebApplication.php:287
Stack trace:
#0 /var/www/sites/yii/framework/web/CWebApplication.php(142): CWebApplication->runController('regions/view')
#1 /var/www/sites/yii/framework/base/CApplication.php(162): CWebApplication->processRequest()
#2 /var/www/sites/trabajorecepcionista2.com/index.php(13): CApplication->run()
#3 {main}
REQUEST_URI=/regiones
---
2012/11/20 00:17:14 [error] [exception.CHttpException.404] exception 'CHttpException' with message 'The system is unable to find the requested action "regions".' in /var/www/sites/yii/framework/web/CController.php:484
Stack trace:
#0 /var/www/sites/yii/framework/web/CController.php(271): CController->missingAction('regions')
#1 /var/www/sites/yii/framework/web/CWebApplication.php(283): CController->run('regions')
#2 /var/www/sites/yii/framework/web/CWebApplication.php(142): CWebApplication->runController('countries/regio...')
#3 /var/www/sites/yii/framework/base/CApplication.php(162): CWebApplication->processRequest()
#4 /var/www/sites/trabajorecepcionista2.com/index.php(13): CApplication->run()
#5 {main}
REQUEST_URI=/regiones
---
2012/11/20 00:20:00 [error] [exception.CHttpException.404] exception 'CHttpException' with message 'Unable to resolve the request "gii/view".' in /var/www/sites/yii/framework/web/CWebApplication.php:287
Stack trace:
#0 /var/www/sites/yii/framework/web/CWebApplication.php(142): CWebApplication->runController('gii/view')
#1 /var/www/sites/yii/framework/base/CApplication.php(162): CWebApplication->processRequest()
#2 /var/www/sites/trabajorecepcionista2.com/index.php(13): CApplication->run()
#3 {main}
REQUEST_URI=/gii/crud
---
2012/11/20 00:24:24 [error] [exception.CException] exception 'CException' with message 'CountriesController and its behaviors do not have a method or closure named "with".' in /var/www/sites/yii/framework/base/CComponent.php:266
Stack trace:
#0 /var/www/sites/trabajorecepcionista2.com/protected/controllers/CountriesController.php(18): CComponent->__call('with', Array)
#1 /var/www/sites/trabajorecepcionista2.com/protected/controllers/CountriesController.php(18): CountriesController->with('regions')
#2 [internal function]: CountriesController->actionRegions('www')
#3 /var/www/sites/yii/framework/web/actions/CAction.php(107): ReflectionMethod->invokeArgs(Object(CountriesController), Array)
#4 /var/www/sites/yii/framework/web/actions/CInlineAction.php(48): CAction->runWithParamsInternal(Object(CountriesController), Object(ReflectionMethod), Array)
#5 /var/www/sites/yii/framework/web/CController.php(309): CInlineAction->runWithParams(Array)
#6 /var/www/sites/yii/framework/web/CController.php(287): CController->runAction(Object(CInlineAction))
#7 /var/www/sites/yii/framework/web/CController.php(266): CController->runActionWithFilters(Object(CInlineAction), Array)
#8 /var/www/sites/yii/framework/web/CWebApplication.php(283): CController->run('regions')
#9 /var/www/sites/yii/framework/web/CWebApplication.php(142): CWebApplication->runController('countries/regio...')
#10 /var/www/sites/yii/framework/base/CApplication.php(162): CWebApplication->processRequest()
#11 /var/www/sites/trabajorecepcionista2.com/index.php(13): CApplication->run()
#12 {main}
REQUEST_URI=/regiones
---
2012/11/20 00:24:59 [error] [exception.CHttpException.404] exception 'CHttpException' with message 'The requested page does not exist.' in /var/www/sites/trabajorecepcionista2.com/protected/controllers/CountriesController.php:42
Stack trace:
#0 /var/www/sites/trabajorecepcionista2.com/protected/controllers/CountriesController.php(18): CountriesController->loadModel('www')
#1 [internal function]: CountriesController->actionRegions('www')
#2 /var/www/sites/yii/framework/web/actions/CAction.php(107): ReflectionMethod->invokeArgs(Object(CountriesController), Array)
#3 /var/www/sites/yii/framework/web/actions/CInlineAction.php(48): CAction->runWithParamsInternal(Object(CountriesController), Object(ReflectionMethod), Array)
#4 /var/www/sites/yii/framework/web/CController.php(309): CInlineAction->runWithParams(Array)
#5 /var/www/sites/yii/framework/web/CController.php(287): CController->runAction(Object(CInlineAction))
#6 /var/www/sites/yii/framework/web/CController.php(266): CController->runActionWithFilters(Object(CInlineAction), Array)
#7 /var/www/sites/yii/framework/web/CWebApplication.php(283): CController->run('regions')
#8 /var/www/sites/yii/framework/web/CWebApplication.php(142): CWebApplication->runController('countries/regio...')
#9 /var/www/sites/yii/framework/base/CApplication.php(162): CWebApplication->processRequest()
#10 /var/www/sites/trabajorecepcionista2.com/index.php(13): CApplication->run()
#11 {main}
REQUEST_URI=/regiones
---
2012/11/20 00:30:46 [error] [php] Undefined variable: models (/var/www/sites/trabajorecepcionista2.com/protected/views/countries/view.php:20)
Stack trace:
#0 /var/www/sites/yii/framework/web/CController.php(870): CountriesController->renderFile()
#1 /var/www/sites/yii/framework/web/CController.php(783): CountriesController->renderPartial()
#2 /var/www/sites/trabajorecepcionista2.com/protected/controllers/CountriesController.php(19): CountriesController->render()
#3 unknown(0): CountriesController->actionRegions()
#4 /var/www/sites/yii/framework/web/actions/CAction.php(107): ReflectionMethod->invokeArgs()
#5 /var/www/sites/yii/framework/web/actions/CInlineAction.php(48): CInlineAction->runWithParamsInternal()
#6 /var/www/sites/yii/framework/web/CController.php(309): CInlineAction->runWithParams()
#7 /var/www/sites/yii/framework/web/CController.php(287): CountriesController->runAction()
#8 /var/www/sites/yii/framework/web/CController.php(266): CountriesController->runActionWithFilters()
#9 /var/www/sites/yii/framework/web/CWebApplication.php(283): CountriesController->run()
#10 /var/www/sites/yii/framework/web/CWebApplication.php(142): CWebApplication->runController()
#11 /var/www/sites/yii/framework/base/CApplication.php(162): CWebApplication->processRequest()
#12 /var/www/sites/trabajorecepcionista2.com/index.php(13): CWebApplication->run()
REQUEST_URI=/regiones
in /var/www/sites/trabajorecepcionista2.com/protected/views/countries/view.php (20)
in /var/www/sites/trabajorecepcionista2.com/protected/controllers/CountriesController.php (19)
in /var/www/sites/trabajorecepcionista2.com/index.php (13)
2012/11/20 00:34:41 [error] [exception.CHttpException.404] exception 'CHttpException' with message 'The system is unable to find the requested action "view".' in /var/www/sites/yii/framework/web/CController.php:484
Stack trace:
#0 /var/www/sites/yii/framework/web/CController.php(271): CController->missingAction('view')
#1 /var/www/sites/yii/framework/web/CWebApplication.php(283): CController->run('view')
#2 /var/www/sites/yii/framework/web/CWebApplication.php(142): CWebApplication->runController('countries/view')
#3 /var/www/sites/yii/framework/base/CApplication.php(162): CWebApplication->processRequest()
#4 /var/www/sites/trabajorecepcionista2.com/index.php(13): CApplication->run()
#5 {main}
REQUEST_URI=/countries/view?name=baja-california-sur
HTTP_REFERER=http://mx.trabajorecepcion.com/regiones
---
